build/app/intermediates/manifest_merge_blame_file/release/manifest-merger-blame-release-report.txt
1<?xml version="1.0" encoding="utf-8"?>
2<manifest xmlns:android="http://schemas.android.com/apk/res/android"
3    package="com.example.scanpro"
4    android:versionCode="1"
5    android:versionName="1.0.0" >
6
7    <uses-sdk
8        android:minSdkVersion="21"
8-->src/main/AndroidManifest.xml
9        android:targetSdkVersion="33" />
9-->src/main/AndroidManifest.xml
10
11    <uses-permission android:name="android.permission.CAMERA" />
11-->[:camera_android] AndroidManifest.xml:9:5-65
11-->[:camera_android] AndroidManifest.xml:9:22-62
12    <uses-permission android:name="android.permission.RECORD_AUDIO" />
12-->[:camera_android] AndroidManifest.xml:10:5-71
12-->[:camera_android] AndroidManifest.xml:10:22-68
13
14    <uses-feature android:name="android.hardware.camera" />
14-->[:flutter_barcode_scanner] AndroidManifest.xml:11:5-60
14-->[:flutter_barcode_scanner] AndroidManifest.xml:11:19-57
15
16    <uses-permission android:name="android.permission.FLASHLIGHT" /> <!-- Although the *SdkVersion is captured in gradle build files, this is required for non gradle builds -->
16-->[:flutter_barcode_scanner] AndroidManifest.xml:13:5-69
16-->[:flutter_barcode_scanner] AndroidManifest.xml:13:22-66
17    <!-- <uses-sdk android:minSdkVersion="14"/> -->
18    <uses-permission android:name="android.permission.ACCESS_NETWORK_STATE" />
18-->[com.google.firebase:firebase-database:20.2.2] AndroidManifest.xml:24:5-79
18-->[com.google.firebase:firebase-database:20.2.2] AndroidManifest.xml:24:22-76
19    <uses-permission android:name="android.permission.INTERNET" />
19-->[com.google.firebase:firebase-database:20.2.2] AndroidManifest.xml:25:5-67
19-->[com.google.firebase:firebase-database:20.2.2] AndroidManifest.xml:25:22-64
20    <uses-permission android:name="android.permission.WAKE_LOCK" />
20-->[com.google.android.gms:play-services-measurement-api:21.3.0] AndroidManifest.xml:24:5-68
20-->[com.google.android.gms:play-services-measurement-api:21.3.0] AndroidManifest.xml:24:22-65
21    <uses-permission android:name="com.google.android.gms.permission.AD_ID" />
21-->[com.google.android.gms:play-services-measurement-api:21.3.0] AndroidManifest.xml:25:5-79
21-->[com.google.android.gms:play-services-measurement-api:21.3.0] AndroidManifest.xml:25:22-76
22    <uses-permission android:name="com.google.android.finsky.permission.BIND_GET_INSTALL_REFERRER_SERVICE" />
22-->[com.google.android.gms:play-services-measurement:21.3.0] AndroidManifest.xml:26:5-110
22-->[com.google.android.gms:play-services-measurement:21.3.0] AndroidManifest.xml:26:22-107
23
24    <permission
24-->[androidx.core:core:1.10.1] AndroidManifest.xml:22:5-24:47
25        android:name="com.example.scanpro.DYNAMIC_RECEIVER_NOT_EXPORTED_PERMISSION"
25-->[androidx.core:core:1.10.1] AndroidManifest.xml:23:9-81
26        android:protectionLevel="signature" />
26-->[androidx.core:core:1.10.1] AndroidManifest.xml:24:9-44
27
28    <uses-permission android:name="com.example.scanpro.DYNAMIC_RECEIVER_NOT_EXPORTED_PERMISSION" />
28-->[androidx.core:core:1.10.1] AndroidManifest.xml:26:5-97
28-->[androidx.core:core:1.10.1] AndroidManifest.xml:26:22-94
29
30    <application
31        android:name="android.app.Application"
31-->src/main/AndroidManifest.xml:4:9-42
32        android:appComponentFactory="androidx.core.app.CoreComponentFactory"
32-->[androidx.core:core:1.10.1] AndroidManifest.xml:28:18-86
33        android:icon="@mipmap/ic_launcher"
33-->src/main/AndroidManifest.xml:5:9-43
34        android:label="scanpro"
34-->src/main/AndroidManifest.xml:3:9-32
35        android:largeHeap="true"
35-->[:flutter_barcode_scanner] AndroidManifest.xml:16:9-33
36        android:theme="@style/Theme.AppCompat.NoActionBar" >
36-->[:flutter_barcode_scanner] AndroidManifest.xml:17:9-59
37        <activity
37-->src/main/AndroidManifest.xml:6:9-27:20
38            android:name="com.example.scanpro.MainActivity"
38-->src/main/AndroidManifest.xml:7:13-41
39            android:configChanges="orientation|keyboardHidden|keyboard|screenSize|smallestScreenSize|locale|layoutDirection|fontScale|screenLayout|density|uiMode"
39-->src/main/AndroidManifest.xml:12:13-163
40            android:exported="true"
40-->src/main/AndroidManifest.xml:9:13-36
41            android:hardwareAccelerated="true"
41-->src/main/AndroidManifest.xml:13:13-47
42            android:launchMode="singleTop"
42-->src/main/AndroidManifest.xml:10:13-43
43            android:theme="@style/LaunchTheme"
43-->src/main/AndroidManifest.xml:11:13-47
44            android:windowSoftInputMode="adjustResize" >
44-->src/main/AndroidManifest.xml:14:13-55
45
46            <!--
47                 Specifies an Android theme to apply to this Activity as soon as
48                 the Android process has started. This theme is visible to the user
49                 while the Flutter UI initializes. After that, this theme continues
50                 to determine the Window background behind the Flutter UI.
51            -->
52            <meta-data
52-->src/main/AndroidManifest.xml:19:13-22:17
53                android:name="io.flutter.embedding.android.NormalTheme"
53-->src/main/AndroidManifest.xml:20:15-70
54                android:resource="@style/NormalTheme" />
54-->src/main/AndroidManifest.xml:21:15-52
55
56            <intent-filter>
56-->src/main/AndroidManifest.xml:23:13-26:29
57                <action android:name="android.intent.action.MAIN" />
57-->src/main/AndroidManifest.xml:24:17-68
57-->src/main/AndroidManifest.xml:24:25-66
58
59                <category android:name="android.intent.category.LAUNCHER" />
59-->src/main/AndroidManifest.xml:25:17-76
59-->src/main/AndroidManifest.xml:25:27-74
60            </intent-filter>
61        </activity>
62        <!--
63             Don't delete the meta-data below.
64             This is used by the Flutter tool to generate GeneratedPluginRegistrant.java
65        -->
66        <meta-data
66-->src/main/AndroidManifest.xml:30:9-32:33
67            android:name="flutterEmbedding"
67-->src/main/AndroidManifest.xml:31:13-44
68            android:value="2" />
68-->src/main/AndroidManifest.xml:32:13-30
69
70        <service
70-->[:firebase_database] AndroidManifest.xml:10:9-14:19
71            android:name="com.google.firebase.components.ComponentDiscoveryService"
71-->[:firebase_database] AndroidManifest.xml:10:18-89
72            android:directBootAware="true"
72-->[com.google.firebase:firebase-common:20.3.3] AndroidManifest.xml:34:13-43
73            android:exported="false" >
73-->[com.google.firebase:firebase-analytics-ktx:21.3.0] AndroidManifest.xml:10:13-37
74            <meta-data
74-->[:firebase_database] AndroidManifest.xml:11:13-13:85
75                android:name="com.google.firebase.components:io.flutter.plugins.firebase.database.FlutterFirebaseAppRegistrar"
75-->[:firebase_database] AndroidManifest.xml:12:17-127
76                android:value="com.google.firebase.components.ComponentRegistrar" />
76-->[:firebase_database] AndroidManifest.xml:13:17-82
77            <meta-data
77-->[:cloud_firestore] AndroidManifest.xml:11:13-13:85
78                android:name="com.google.firebase.components:io.flutter.plugins.firebase.firestore.FlutterFirebaseFirestoreRegistrar"
78-->[:cloud_firestore] AndroidManifest.xml:12:17-134
79                android:value="com.google.firebase.components.ComponentRegistrar" />
79-->[:cloud_firestore] AndroidManifest.xml:13:17-82
80            <meta-data
80-->[:firebase_core] AndroidManifest.xml:11:13-13:85
81                android:name="com.google.firebase.components:io.flutter.plugins.firebase.core.FlutterFirebaseCoreRegistrar"
81-->[:firebase_core] AndroidManifest.xml:12:17-124
82                android:value="com.google.firebase.components.ComponentRegistrar" />
82-->[:firebase_core] AndroidManifest.xml:13:17-82
83            <meta-data
83-->[com.google.firebase:firebase-analytics-ktx:21.3.0] AndroidManifest.xml:11:13-13:85
84                android:name="com.google.firebase.components:com.google.firebase.analytics.ktx.FirebaseAnalyticsKtxRegistrar"
84-->[com.google.firebase:firebase-analytics-ktx:21.3.0] AndroidManifest.xml:12:17-126
85                android:value="com.google.firebase.components.ComponentRegistrar" />
85-->[com.google.firebase:firebase-analytics-ktx:21.3.0] AndroidManifest.xml:13:17-82
86            <meta-data
86-->[com.google.firebase:firebase-common-ktx:20.3.3] AndroidManifest.xml:14:13-16:85
87                android:name="com.google.firebase.components:com.google.firebase.ktx.FirebaseCommonKtxRegistrar"
87-->[com.google.firebase:firebase-common-ktx:20.3.3] AndroidManifest.xml:15:17-113
88                android:value="com.google.firebase.components.ComponentRegistrar" />
88-->[com.google.firebase:firebase-common-ktx:20.3.3] AndroidManifest.xml:16:17-82
89            <meta-data
89-->[com.google.firebase:firebase-database:20.2.2] AndroidManifest.xml:31:13-33:85
90                android:name="com.google.firebase.components:com.google.firebase.database.DatabaseRegistrar"
90-->[com.google.firebase:firebase-database:20.2.2] AndroidManifest.xml:32:17-109
91                android:value="com.google.firebase.components.ComponentRegistrar" />
91-->[com.google.firebase:firebase-database:20.2.2] AndroidManifest.xml:33:17-82
92            <meta-data
92-->[com.google.firebase:firebase-firestore:24.6.1] AndroidManifest.xml:19:13-21:85
93                android:name="com.google.firebase.components:com.google.firebase.firestore.FirestoreRegistrar"
93-->[com.google.firebase:firebase-firestore:24.6.1] AndroidManifest.xml:20:17-111
94                android:value="com.google.firebase.components.ComponentRegistrar" />
94-->[com.google.firebase:firebase-firestore:24.6.1] AndroidManifest.xml:21:17-82
95            <meta-data
95-->[com.google.android.gms:play-services-measurement-api:21.3.0] AndroidManifest.xml:31:13-33:85
96                android:name="com.google.firebase.components:com.google.firebase.analytics.connector.internal.AnalyticsConnectorRegistrar"
96-->[com.google.android.gms:play-services-measurement-api:21.3.0] AndroidManifest.xml:32:17-139
97                android:value="com.google.firebase.components.ComponentRegistrar" />
97-->[com.google.android.gms:play-services-measurement-api:21.3.0] AndroidManifest.xml:33:17-82
98            <meta-data
98-->[com.google.firebase:firebase-installations:17.1.3] AndroidManifest.xml:17:13-19:85
99                android:name="com.google.firebase.components:com.google.firebase.installations.FirebaseInstallationsRegistrar"
99-->[com.google.firebase:firebase-installations:17.1.3] AndroidManifest.xml:18:17-127
100                android:value="com.google.firebase.components.ComponentRegistrar" />
100-->[com.google.firebase:firebase-installations:17.1.3] AndroidManifest.xml:19:17-82
101        </service>
102
103        <activity android:name="com.amolg.flutterbarcodescanner.BarcodeCaptureActivity" />
103-->[:flutter_barcode_scanner] AndroidManifest.xml:18:9-91
103-->[:flutter_barcode_scanner] AndroidManifest.xml:18:19-88
104
105        <provider
105-->[:image_picker_android] AndroidManifest.xml:10:9-18:20
106            android:name="io.flutter.plugins.imagepicker.ImagePickerFileProvider"
106-->[:image_picker_android] AndroidManifest.xml:11:13-82
107            android:authorities="com.example.scanpro.flutter.image_provider"
107-->[:image_picker_android] AndroidManifest.xml:12:13-74
108            android:exported="false"
108-->[:image_picker_android] AndroidManifest.xml:13:13-37
109            android:grantUriPermissions="true" >
109-->[:image_picker_android] AndroidManifest.xml:14:13-47
110            <meta-data
110-->[:image_picker_android] AndroidManifest.xml:15:13-17:75
111                android:name="android.support.FILE_PROVIDER_PATHS"
111-->[:image_picker_android] AndroidManifest.xml:16:17-67
112                android:resource="@xml/flutter_image_picker_file_paths" />
112-->[:image_picker_android] AndroidManifest.xml:17:17-72
113        </provider>
114
115        <activity
115-->[:url_launcher_android] AndroidManifest.xml:10:9-13:74
116            android:name="io.flutter.plugins.urllauncher.WebViewActivity"
116-->[:url_launcher_android] AndroidManifest.xml:11:13-74
117            android:exported="false"
117-->[:url_launcher_android] AndroidManifest.xml:12:13-37
118            android:theme="@android:style/Theme.NoTitleBar.Fullscreen" />
118-->[:url_launcher_android] AndroidManifest.xml:13:13-71
119
120        <provider
120-->[com.google.firebase:firebase-common:20.3.3] AndroidManifest.xml:25:9-30:39
121            android:name="com.google.firebase.provider.FirebaseInitProvider"
121-->[com.google.firebase:firebase-common:20.3.3] AndroidManifest.xml:26:13-77
122            android:authorities="com.example.scanpro.firebaseinitprovider"
122-->[com.google.firebase:firebase-common:20.3.3] AndroidManifest.xml:27:13-72
123            android:directBootAware="true"
123-->[com.google.firebase:firebase-common:20.3.3] AndroidManifest.xml:28:13-43
124            android:exported="false"
124-->[com.google.firebase:firebase-common:20.3.3] AndroidManifest.xml:29:13-37
125            android:initOrder="100" />
125-->[com.google.firebase:firebase-common:20.3.3] AndroidManifest.xml:30:13-36
126
127        <activity
127-->[com.google.android.gms:play-services-base:18.1.0] AndroidManifest.xml:20:9-22:45
128            android:name="com.google.android.gms.common.api.GoogleApiActivity"
128-->[com.google.android.gms:play-services-base:18.1.0] AndroidManifest.xml:20:19-85
129            android:exported="false"
129-->[com.google.android.gms:play-services-base:18.1.0] AndroidManifest.xml:22:19-43
130            android:theme="@android:style/Theme.Translucent.NoTitleBar" />
130-->[com.google.android.gms:play-services-base:18.1.0] AndroidManifest.xml:21:19-78
131
132        <receiver
132-->[com.google.android.gms:play-services-measurement:21.3.0] AndroidManifest.xml:29:9-33:20
133            android:name="com.google.android.gms.measurement.AppMeasurementReceiver"
133-->[com.google.android.gms:play-services-measurement:21.3.0] AndroidManifest.xml:30:13-85
134            android:enabled="true"
134-->[com.google.android.gms:play-services-measurement:21.3.0] AndroidManifest.xml:31:13-35
135            android:exported="false" >
135-->[com.google.android.gms:play-services-measurement:21.3.0] AndroidManifest.xml:32:13-37
136        </receiver>
137
138        <service
138-->[com.google.android.gms:play-services-measurement:21.3.0] AndroidManifest.xml:35:9-38:40
139            android:name="com.google.android.gms.measurement.AppMeasurementService"
139-->[com.google.android.gms:play-services-measurement:21.3.0] AndroidManifest.xml:36:13-84
140            android:enabled="true"
140-->[com.google.android.gms:play-services-measurement:21.3.0] AndroidManifest.xml:37:13-35
141            android:exported="false" />
141-->[com.google.android.gms:play-services-measurement:21.3.0] AndroidManifest.xml:38:13-37
142        <service
142-->[com.google.android.gms:play-services-measurement:21.3.0] AndroidManifest.xml:39:9-43:72
143            android:name="com.google.android.gms.measurement.AppMeasurementJobService"
143-->[com.google.android.gms:play-services-measurement:21.3.0] AndroidManifest.xml:40:13-87
144            android:enabled="true"
144-->[com.google.android.gms:play-services-measurement:21.3.0] AndroidManifest.xml:41:13-35
145            android:exported="false"
145-->[com.google.android.gms:play-services-measurement:21.3.0] AndroidManifest.xml:42:13-37
146            android:permission="android.permission.BIND_JOB_SERVICE" />
146-->[com.google.android.gms:play-services-measurement:21.3.0] AndroidManifest.xml:43:13-69
147
148        <meta-data
148-->[com.google.android.gms:play-services-basement:18.1.0] AndroidManifest.xml:21:9-23:69
149            android:name="com.google.android.gms.version"
149-->[com.google.android.gms:play-services-basement:18.1.0] AndroidManifest.xml:22:13-58
150            android:value="@integer/google_play_services_version" />
150-->[com.google.android.gms:play-services-basement:18.1.0] AndroidManifest.xml:23:13-66
151
152        <uses-library
152-->[androidx.window:window:1.0.0-beta04] AndroidManifest.xml:25:9-27:40
153            android:name="androidx.window.extensions"
153-->[androidx.window:window:1.0.0-beta04] AndroidManifest.xml:26:13-54
154            android:required="false" />
154-->[androidx.window:window:1.0.0-beta04] AndroidManifest.xml:27:13-37
155        <uses-library
155-->[androidx.window:window:1.0.0-beta04] AndroidManifest.xml:28:9-30:40
156            android:name="androidx.window.sidecar"
156-->[androidx.window:window:1.0.0-beta04] AndroidManifest.xml:29:13-51
157            android:required="false" />
157-->[androidx.window:window:1.0.0-beta04] AndroidManifest.xml:30:13-37
158
159        <provider
159-->[androidx.profileinstaller:profileinstaller:1.3.0] AndroidManifest.xml:24:9-32:20
160            android:name="androidx.startup.InitializationProvider"
160-->[androidx.profileinstaller:profileinstaller:1.3.0] AndroidManifest.xml:25:13-67
161            android:authorities="com.example.scanpro.androidx-startup"
161-->[androidx.profileinstaller:profileinstaller:1.3.0] AndroidManifest.xml:26:13-68
162            android:exported="false" >
162-->[androidx.profileinstaller:profileinstaller:1.3.0] AndroidManifest.xml:27:13-37
163            <meta-data
163-->[androidx.profileinstaller:profileinstaller:1.3.0] AndroidManifest.xml:29:13-31:52
164                android:name="androidx.profileinstaller.ProfileInstallerInitializer"
164-->[androidx.profileinstaller:profileinstaller:1.3.0] AndroidManifest.xml:30:17-85
165                android:value="androidx.startup" />
165-->[androidx.profileinstaller:profileinstaller:1.3.0] AndroidManifest.xml:31:17-49
166        </provider>
167
168        <receiver
168-->[androidx.profileinstaller:profileinstaller:1.3.0] AndroidManifest.xml:34:9-52:20
169            android:name="androidx.profileinstaller.ProfileInstallReceiver"
169-->[androidx.profileinstaller:profileinstaller:1.3.0] AndroidManifest.xml:35:13-76
170            android:directBootAware="false"
170-->[androidx.profileinstaller:profileinstaller:1.3.0] AndroidManifest.xml:36:13-44
171            android:enabled="true"
171-->[androidx.profileinstaller:profileinstaller:1.3.0] AndroidManifest.xml:37:13-35
172            android:exported="true"
172-->[androidx.profileinstaller:profileinstaller:1.3.0] AndroidManifest.xml:38:13-36
173            android:permission="android.permission.DUMP" >
173-->[androidx.profileinstaller:profileinstaller:1.3.0] AndroidManifest.xml:39:13-57
174            <intent-filter>
174-->[androidx.profileinstaller:profileinstaller:1.3.0] AndroidManifest.xml:40:13-42:29
175                <action android:name="androidx.profileinstaller.action.INSTALL_PROFILE" />
175-->[androidx.profileinstaller:profileinstaller:1.3.0] AndroidManifest.xml:41:17-91
175-->[androidx.profileinstaller:profileinstaller:1.3.0] AndroidManifest.xml:41:25-88
176            </intent-filter>
177            <intent-filter>
177-->[androidx.profileinstaller:profileinstaller:1.3.0] AndroidManifest.xml:43:13-45:29
178                <action android:name="androidx.profileinstaller.action.SKIP_FILE" />
178-->[androidx.profileinstaller:profileinstaller:1.3.0] AndroidManifest.xml:44:17-85
178-->[androidx.profileinstaller:profileinstaller:1.3.0] AndroidManifest.xml:44:25-82
179            </intent-filter>
180            <intent-filter>
180-->[androidx.profileinstaller:profileinstaller:1.3.0] AndroidManifest.xml:46:13-48:29
181                <action android:name="androidx.profileinstaller.action.SAVE_PROFILE" />
181-->[androidx.profileinstaller:profileinstaller:1.3.0] AndroidManifest.xml:47:17-88
181-->[androidx.profileinstaller:profileinstaller:1.3.0] AndroidManifest.xml:47:25-85
182            </intent-filter>
183            <intent-filter>
183-->[androidx.profileinstaller:profileinstaller:1.3.0] AndroidManifest.xml:49:13-51:29
184                <action android:name="androidx.profileinstaller.action.BENCHMARK_OPERATION" />
184-->[androidx.profileinstaller:profileinstaller:1.3.0] AndroidManifest.xml:50:17-95
184-->[androidx.profileinstaller:profileinstaller:1.3.0] AndroidManifest.xml:50:25-92
185            </intent-filter>
186        </receiver>
187    </application>
188
189</manifest>